2026-06-26 19:51:30,149 [INFO] GitHub Actions detected — running single pass and exiting.
2026-06-26 19:51:30,149 [INFO] 
2026-06-26 19:51:30,149 [INFO] =======================================================
2026-06-26 19:51:30,149 [INFO]   Run started: 2026-06-26 19:51:30
2026-06-26 19:51:30,149 [INFO] =======================================================
2026-06-26 19:51:30,149 [INFO] Loaded 0 previously applied jobs
2026-06-26 19:51:30,150 [INFO]   [driver] Running in headless mode (CI/server detected)
2026-06-26 19:51:30,150 [INFO] ====== WebDriver manager ======
2026-06-26 19:51:30,341 [INFO] Get LATEST chromedriver version for google-chrome
2026-06-26 19:51:30,375 [INFO] There is no [linux64] chromedriver "149.0.7827.155" for browser google-chrome "149.0.7827" in cache
2026-06-26 19:51:30,406 [INFO] There is no [linux64] chromedriver "149.0.7827.155" for browser google-chrome "149.0.7827" in cache
2026-06-26 19:51:30,406 [INFO] Get LATEST chromedriver version for google-chrome
2026-06-26 19:51:30,510 [INFO] WebDriver version 149.0.7827.155 selected
2026-06-26 19:51:30,516 [INFO] Modern chrome version https://storage.googleapis.com/chrome-for-testing-public/149.0.7827.155/linux64/chromedriver-linux64.zip
2026-06-26 19:51:30,516 [INFO] About to download new driver from https://storage.googleapis.com/chrome-for-testing-public/149.0.7827.155/linux64/chromedriver-linux64.zip
2026-06-26 19:51:30,565 [INFO] Driver downloading response is 200
2026-06-26 19:51:30,741 [INFO] Driver has been saved in cache [/home/runner/.wdm/drivers/chromedriver/linux64/149.0.7827.155]
2026-06-26 19:51:36,148 [INFO] Opening Naukri login page...
2026-06-26 19:51:42,405 [INFO] Login successful!
2026-06-26 19:51:42,945 [INFO] 
███████████████████████████████████████████████████████
2026-06-26 19:51:42,945 [INFO]   SECTION 1 OF 2 — Regular Jobs
2026-06-26 19:51:42,945 [INFO] ███████████████████████████████████████████████████████
2026-06-26 19:51:42,945 [INFO] 
──────────────────────────────────────────────────
2026-06-26 19:51:42,945 [INFO] Keyword: Java Developer
2026-06-26 19:51:42,946 [INFO] ──────────────────────────────────────────────────
2026-06-26 19:51:42,946 [INFO] Searching: 'Java Developer' in 'Hyderabad'...
2026-06-26 19:51:47,534 [INFO]   [popup] Dismissed: //button[contains(translate(text(),'ABCDEFGHIJKLMNOPQRSTUVWXYZ','abcde
2026-06-26 19:51:47,987 [INFO]   [popup] Total dismissed this call: 1
2026-06-26 19:51:51,010 [INFO] Found 20 job listings
2026-06-26 19:51:51,056 [INFO] Checking: Junior Developer
2026-06-26 19:51:51,056 [INFO]   Skipping (no skill match): Junior Developer
2026-06-26 19:51:51,088 [INFO] Checking: Junior Developer
2026-06-26 19:51:51,088 [INFO]   Skipping (no skill match): Junior Developer
2026-06-26 19:51:51,120 [INFO] Checking: Python Developer
2026-06-26 19:52:50,280 [WARNING]   Click blocked (external link or already applied): Python Developer
2026-06-26 19:52:50,373 [INFO] Checking: Walk-in || Backend Java Developer Intern
2026-06-26 19:52:50,373 [INFO]   Skipping (excluded keyword 'backend'): Walk-in || Backend Java Developer Intern
2026-06-26 19:52:50,407 [INFO] Checking: Developer
2026-06-26 19:52:50,407 [INFO]   Skipping (no skill match): Developer
2026-06-26 19:52:50,440 [INFO] Checking: Mean Stack Developer Intern
2026-06-26 19:52:50,440 [INFO]   Skipping (no skill match): Mean Stack Developer Intern
2026-06-26 19:52:50,473 [INFO] Checking: Fullstack JavaScript Developer
2026-06-26 19:52:50,473 [INFO]   Skipping (excluded keyword 'fullstack'): Fullstack JavaScript Developer
2026-06-26 19:52:50,507 [INFO] Checking: Fullstack Web Developer
2026-06-26 19:52:50,507 [INFO]   Skipping (excluded keyword 'web developer'): Fullstack Web Developer
2026-06-26 19:52:50,537 [INFO] Checking: Dotnet Developer
2026-06-26 19:52:50,537 [INFO]   Skipping (no skill match): Dotnet Developer
2026-06-26 19:52:50,569 [INFO] Checking: Fullstack Ui Developer
2026-06-26 19:52:50,569 [INFO]   Skipping (excluded keyword 'fullstack'): Fullstack Ui Developer
2026-06-26 19:52:50,601 [INFO] Checking: Backend Java Developer
2026-06-26 19:52:50,601 [INFO]   Skipping (excluded keyword 'backend'): Backend Java Developer
2026-06-26 19:52:50,632 [INFO] Checking: Database Developer
2026-06-26 19:52:50,632 [INFO]   Skipping (no skill match): Database Developer
2026-06-26 19:52:50,663 [INFO] Checking: Java Full Stack Developer
2026-06-26 19:52:50,663 [INFO]   Skipping (excluded keyword 'full stack'): Java Full Stack Developer
2026-06-26 19:52:50,695 [INFO] Checking: Java and J2Ee Developer
2026-06-26 19:53:49,765 [WARNING]   Click blocked (external link or already applied): Java and J2Ee Developer
2026-06-26 19:53:49,856 [INFO] Checking: Java Developer
2026-06-26 19:54:48,935 [WARNING]   Click blocked (external link or already applied): Java Developer
2026-06-26 19:54:49,025 [INFO] Checking: Android Developer (Internship + Permanent Role)
2026-06-26 19:55:48,083 [WARNING]   Click blocked (external link or already applied): Android Developer (Internship + Permanent Role)
2026-06-26 19:55:48,172 [INFO] Checking: Developer
2026-06-26 19:55:48,172 [INFO]   Skipping (no skill match): Developer
2026-06-26 19:55:48,207 [INFO] Checking: Java Application Developer
2026-06-26 19:56:47,311 [WARNING]   Click blocked (external link or already applied): Java Application Developer
2026-06-26 19:56:47,402 [INFO] Checking: Full Stack .Net Developer
2026-06-26 19:56:47,402 [INFO]   Skipping (excluded keyword 'full stack'): Full Stack .Net Developer
2026-06-26 19:56:47,438 [INFO] Checking: Apigee Developer /Support/ADMIN @ SIDGS Hyderabad / Mumbai
2026-06-26 19:57:46,500 [WARNING]   Click blocked (external link or already applied): Apigee Developer /Support/ADMIN @ SIDGS Hyderabad / Mumbai
2026-06-26 19:57:46,554 [INFO] 
──────────────────────────────────────────────────
2026-06-26 19:57:46,554 [INFO] Keyword: Python Developer
2026-06-26 19:57:46,554 [INFO] ──────────────────────────────────────────────────
2026-06-26 19:57:46,554 [INFO] Searching: 'Python Developer' in 'Hyderabad'...
2026-06-26 19:57:52,818 [INFO] Found 18 job listings
2026-06-26 19:57:52,851 [INFO] Checking: Custom Software Engineer
2026-06-26 19:58:51,911 [WARNING]   Click blocked (external link or already applied): Custom Software Engineer
2026-06-26 19:58:52,001 [INFO] Checking: Python Programmer
2026-06-26 19:59:51,084 [WARNING]   Click blocked (external link or already applied): Python Programmer
2026-06-26 19:59:51,174 [INFO] Checking: Python Developer
2026-06-26 20:00:50,269 [WARNING]   Click blocked (external link or already applied): Python Developer
2026-06-26 20:00:50,360 [INFO] Checking: Python Programmer
2026-06-26 20:01:49,417 [WARNING]   Click blocked (external link or already applied): Python Programmer
2026-06-26 20:01:49,508 [INFO] Checking: Python Engineer
2026-06-26 20:02:48,544 [WARNING]   Click blocked (external link or already applied): Python Engineer
2026-06-26 20:02:48,635 [INFO] Checking: Python Engineer
2026-06-26 20:03:47,718 [WARNING]   Click blocked (external link or already applied): Python Engineer
2026-06-26 20:03:47,807 [INFO] Checking: Python Software Developer
2026-06-26 20:04:46,906 [WARNING]   Click blocked (external link or already applied): Python Software Developer
2026-06-26 20:04:46,997 [INFO] Checking: Python Software Developer
2026-06-26 20:05:46,046 [WARNING]   Click blocked (external link or already applied): Python Software Developer
2026-06-26 20:05:46,135 [INFO] Checking: Apprentice Software Engineer
2026-06-26 20:06:45,212 [WARNING]   Click blocked (external link or already applied): Apprentice Software Engineer
2026-06-26 20:06:45,302 [INFO] Checking: Fullstack Python Developer
2026-06-26 20:06:45,302 [INFO]   Skipping (excluded keyword 'fullstack'): Fullstack Python Developer
2026-06-26 20:06:45,336 [INFO] Checking: Python Tester
2026-06-26 20:07:44,421 [WARNING]   Click blocked (external link or already applied): Python Tester
2026-06-26 20:07:44,512 [INFO] Checking: Python Automation Tester
2026-06-26 20:08:43,633 [WARNING]   Click blocked (external link or already applied): Python Automation Tester
2026-06-26 20:08:43,723 [INFO] Checking: Python Automation Engineer
2026-06-26 20:09:42,804 [WARNING]   Click blocked (external link or already applied): Python Automation Engineer
2026-06-26 20:09:42,894 [INFO] Checking: Python Developer Lead
2026-06-26 20:09:42,894 [INFO]   Skipping (excluded keyword 'lead'): Python Developer Lead
2026-06-26 20:09:42,927 [INFO] Checking: Python Developer Lead
2026-06-26 20:09:42,927 [INFO]   Skipping (excluded keyword 'lead'): Python Developer Lead
2026-06-26 20:09:42,960 [INFO] Checking: Python Architect
2026-06-26 20:09:42,960 [INFO]   Skipping (excluded keyword 'architect'): Python Architect
2026-06-26 20:09:42,993 [INFO] Checking: Developer
2026-06-26 20:09:42,993 [INFO]   Skipping (no skill match): Developer
2026-06-26 20:09:43,027 [INFO] Checking: Api Automation Tester
2026-06-26 20:09:43,027 [INFO]   Skipping (no skill match): Api Automation Tester
2026-06-26 20:09:43,027 [INFO] 
──────────────────────────────────────────────────
2026-06-26 20:09:43,027 [INFO] Keyword: SQL Developer
2026-06-26 20:09:43,027 [INFO] ──────────────────────────────────────────────────
2026-06-26 20:09:43,027 [INFO] Searching: 'SQL Developer' in 'Hyderabad'...
2026-06-26 20:09:49,278 [INFO] Found 1 job listings
2026-06-26 20:09:49,310 [INFO] Checking: Developer
2026-06-26 20:09:49,310 [INFO]   Skipping (no skill match): Developer
2026-06-26 20:09:49,310 [INFO] 
──────────────────────────────────────────────────
2026-06-26 20:09:49,310 [INFO] Keyword: Software Engineer
2026-06-26 20:09:49,310 [INFO] ──────────────────────────────────────────────────
2026-06-26 20:09:49,310 [INFO] Searching: 'Software Engineer' in 'Hyderabad'...
2026-06-26 20:09:55,531 [INFO] Found 20 job listings
2026-06-26 20:09:55,564 [INFO] Checking: Custom Software Engineer
2026-06-26 20:10:54,627 [WARNING]   Click blocked (external link or already applied): Custom Software Engineer
2026-06-26 20:10:54,718 [INFO] Checking: Software AI Trainee
2026-06-26 20:10:54,718 [INFO]   Skipping (no skill match): Software AI Trainee
2026-06-26 20:10:54,751 [INFO] Checking: Developer
2026-06-26 20:10:54,751 [INFO]   Skipping (no skill match): Developer
2026-06-26 20:10:54,781 [INFO] Checking: Software Engineer Intern
2026-06-26 20:11:53,823 [WARNING]   Click blocked (external link or already applied): Software Engineer Intern
2026-06-26 20:11:53,911 [INFO] Checking: Software Engineer
2026-06-26 20:12:53,038 [WARNING]   Click blocked (external link or already applied): Software Engineer
2026-06-26 20:12:53,125 [INFO] Checking: Software Engineer Intern
2026-06-26 20:13:52,189 [WARNING]   Click blocked (external link or already applied): Software Engineer Intern
2026-06-26 20:13:52,275 [INFO] Checking: Junior Engineer
2026-06-26 20:13:52,275 [INFO]   Skipping (no skill match): Junior Engineer
2026-06-26 20:13:52,309 [INFO] Checking: Software Development Engineer 1 (SDE-1)
2026-06-26 20:13:52,310 [INFO]   Skipping (no skill match): Software Development Engineer 1 (SDE-1)
2026-06-26 20:13:52,344 [INFO] Checking: Fullstack Web Developer
2026-06-26 20:13:52,344 [INFO]   Skipping (excluded keyword 'web developer'): Fullstack Web Developer
2026-06-26 20:13:52,377 [INFO] Checking: Python Software Developer
2026-06-26 20:14:51,475 [WARNING]   Click blocked (external link or already applied): Python Software Developer
2026-06-26 20:14:51,565 [INFO] Checking: Python Software Developer
2026-06-26 20:15:50,634 [WARNING]   Click blocked (external link or already applied): Python Software Developer
2026-06-26 20:15:50,720 [INFO] Checking: Dotnet Developer
2026-06-26 20:15:50,720 [INFO]   Skipping (no skill match): Dotnet Developer
2026-06-26 20:15:50,754 [INFO] Checking: Apprentice Software Engineer
2026-06-26 20:16:49,844 [WARNING]   Click blocked (external link or already applied): Apprentice Software Engineer
2026-06-26 20:16:49,935 [INFO] Checking: Database Developer
2026-06-26 20:16:49,935 [INFO]   Skipping (no skill match): Database Developer
2026-06-26 20:16:49,972 [INFO] Checking: Data Analyst
2026-06-26 20:16:49,972 [INFO]   Skipping Data Analyst (no SQL mentioned): Data Analyst
2026-06-26 20:16:50,005 [INFO] Checking: Java Developer
2026-06-26 20:17:49,078 [WARNING]   Click blocked (external link or already applied): Java Developer
2026-06-26 20:17:49,171 [INFO] Checking: Database Administrator
2026-06-26 20:17:49,171 [INFO]   Skipping (no skill match): Database Administrator
2026-06-26 20:17:49,211 [INFO] Checking: Developer
2026-06-26 20:17:49,211 [INFO]   Skipping (no skill match): Developer
2026-06-26 20:17:49,246 [INFO] Checking: Fullstack Lead
2026-06-26 20:17:49,246 [INFO]   Skipping (excluded keyword 'lead'): Fullstack Lead
2026-06-26 20:17:49,281 [INFO] Checking: Java Backend Engineer
2026-06-26 20:17:49,281 [INFO]   Skipping (excluded keyword 'backend'): Java Backend Engineer
2026-06-26 20:17:49,281 [INFO] 
──────────────────────────────────────────────────
2026-06-26 20:17:49,281 [INFO] Keyword: Associate Software Engineer
2026-06-26 20:17:49,281 [INFO] ──────────────────────────────────────────────────
2026-06-26 20:17:49,281 [INFO] Searching: 'Associate Software Engineer' in 'Hyderabad'...
2026-06-26 20:17:55,792 [INFO] Found 20 job listings
2026-06-26 20:17:55,825 [INFO] Checking: Software AI Trainee
2026-06-26 20:17:55,825 [INFO]   Skipping (no skill match): Software AI Trainee
2026-06-26 20:17:55,857 [INFO] Checking: Custom Software Engineer
2026-06-26 20:18:54,963 [WARNING]   Click blocked (external link or already applied): Custom Software Engineer
2026-06-26 20:18:55,054 [INFO] Checking: Software Engineer
2026-06-26 20:19:54,168 [WARNING]   Click blocked (external link or already applied): Software Engineer
2026-06-26 20:19:54,260 [INFO] Checking: Associate Software Engineer
2026-06-26 20:20:53,313 [WARNING]   Click blocked (external link or already applied): Associate Software Engineer
2026-06-26 20:20:53,400 [INFO] Checking: Software Engineer Intern
2026-06-26 20:21:52,450 [WARNING]   Click blocked (external link or already applied): Software Engineer Intern
2026-06-26 20:21:52,537 [INFO] Checking: Software Engineer Intern
2026-06-26 20:22:51,599 [WARNING]   Click blocked (external link or already applied): Software Engineer Intern
2026-06-26 20:22:51,686 [INFO] Checking: Junior Engineer
2026-06-26 20:22:51,687 [INFO]   Skipping (no skill match): Junior Engineer
2026-06-26 20:22:51,721 [INFO] Checking: Software Development Engineer 1 (SDE-1)
2026-06-26 20:22:51,721 [INFO]   Skipping (no skill match): Software Development Engineer 1 (SDE-1)
2026-06-26 20:22:51,756 [INFO] Checking: App Dev Engineer | Fresher | AI & Application Development | C2H | Hyd
2026-06-26 20:22:51,756 [INFO]   Skipping (no skill match): App Dev Engineer | Fresher | AI & Application Development | C2H | Hyd
2026-06-26 20:22:51,791 [INFO] Checking: Python Software Developer
2026-06-26 20:23:50,869 [WARNING]   Click blocked (external link or already applied): Python Software Developer
2026-06-26 20:23:50,961 [INFO] Checking: Fullstack Engineer
2026-06-26 20:23:50,961 [INFO]   Skipping (excluded keyword 'fullstack'): Fullstack Engineer
2026-06-26 20:23:50,996 [INFO] Checking: System Engineer
2026-06-26 20:23:50,996 [INFO]   Skipping (no skill match): System Engineer
2026-06-26 20:23:51,037 [INFO] Checking: Python Software Developer
2026-06-26 20:24:50,106 [WARNING]   Click blocked (external link or already applied): Python Software Developer
2026-06-26 20:24:50,194 [INFO] Checking: Apprentice Software Engineer
2026-06-26 20:25:49,249 [WARNING]   Click blocked (external link or already applied): Apprentice Software Engineer
2026-06-26 20:25:49,340 [INFO] Checking: Associate Engineer/SDET
2026-06-26 20:25:49,340 [INFO]   Skipping (no skill match): Associate Engineer/SDET
2026-06-26 20:25:49,375 [INFO] Checking: Fullstack Developer
2026-06-26 20:25:49,375 [INFO]   Skipping (excluded keyword 'fullstack'): Fullstack Developer
2026-06-26 20:25:49,414 [INFO] Checking: Assistant Professor - Computer Science & Engineering (CSE)
2026-06-26 20:25:49,414 [INFO]   Skipping (no skill match): Assistant Professor - Computer Science & Engineering (CSE)
2026-06-26 20:25:49,449 [INFO] Checking: Java Developer
2026-06-26 20:26:48,489 [WARNING]   Click blocked (external link or already applied): Java Developer
2026-06-26 20:26:48,579 [INFO] Checking: Java Backend Engineer
2026-06-26 20:26:48,579 [INFO]   Skipping (excluded keyword 'backend'): Java Backend Engineer
2026-06-26 20:26:48,614 [INFO] Checking: Manager, Software Development (Based in Hyderabad) - MCL
2026-06-26 20:26:48,614 [INFO]   Skipping (excluded keyword 'manager'): Manager, Software Development (Based in Hyderabad) - MCL
2026-06-26 20:26:48,614 [INFO] 
──────────────────────────────────────────────────
2026-06-26 20:26:48,614 [INFO] Keyword: Customer Software Engineer
2026-06-26 20:26:48,614 [INFO] ──────────────────────────────────────────────────
2026-06-26 20:26:48,614 [INFO] Searching: 'Customer Software Engineer' in 'Hyderabad'...
2026-06-26 20:26:55,022 [INFO] Found 20 job listings
2026-06-26 20:26:55,055 [INFO] Checking: Customer Support Engineer– Software Product Company
2026-06-26 20:26:55,055 [INFO]   Skipping (no skill match): Customer Support Engineer– Software Product Company
2026-06-26 20:26:55,086 [INFO] Checking: Dot Net Developer
2026-06-26 20:27:54,126 [WARNING]   Click blocked (external link or already applied): Dot Net Developer
2026-06-26 20:27:54,217 [INFO] Checking: Walk-in || Customer Support Associate
2026-06-26 20:27:54,217 [INFO]   Skipping (no skill match): Walk-in || Customer Support Associate
2026-06-26 20:27:54,251 [INFO] Checking: Walk-in || Customer Support Executive - Voice Process
2026-06-26 20:27:54,251 [INFO]   Skipping (no skill match): Walk-in || Customer Support Executive - Voice Process
2026-06-26 20:27:54,285 [INFO] Checking: Customer Review Management Intern
2026-06-26 20:27:54,285 [INFO]   Skipping (no skill match): Customer Review Management Intern
2026-06-26 20:27:54,318 [INFO] Checking: Customer Service Executive - Business Loans
2026-06-26 20:27:54,318 [INFO]   Skipping (no skill match): Customer Service Executive - Business Loans
2026-06-26 20:27:54,351 [INFO] Checking: Walk-in || Customer Support Executive
2026-06-26 20:27:54,351 [INFO]   Skipping (no skill match): Walk-in || Customer Support Executive
2026-06-26 20:27:54,383 [INFO] Checking: Mega Hiring For experienced customer service- Blended process
2026-06-26 20:27:54,383 [INFO]   Skipping (no skill match): Mega Hiring For experienced customer service- Blended process
2026-06-26 20:27:54,415 [INFO] Checking: Customer Support & Sales Support
2026-06-26 20:27:54,415 [INFO]   Skipping (no skill match): Customer Support & Sales Support
2026-06-26 20:27:54,447 [INFO] Checking: Customer Support Associate
2026-06-26 20:27:54,447 [INFO]   Skipping (no skill match): Customer Support Associate
2026-06-26 20:27:54,479 [INFO] Checking: Customer Service Executive - Two Wheeler Loans
2026-06-26 20:27:54,479 [INFO]   Skipping (no skill match): Customer Service Executive - Two Wheeler Loans
2026-06-26 20:27:54,512 [INFO] Checking: Customer Service Executive
2026-06-26 20:27:54,512 [INFO]   Skipping (no skill match): Customer Service Executive
2026-06-26 20:27:54,544 [INFO] Checking: Customer Sales Executive
2026-06-26 20:27:54,544 [INFO]   Skipping (no skill match): Customer Sales Executive
2026-06-26 20:27:54,576 [INFO] Checking: Customer Service Executive
2026-06-26 20:27:54,576 [INFO]   Skipping (no skill match): Customer Service Executive
2026-06-26 20:27:54,608 [INFO] Checking: Customer Sales Executive - Two Wheeler Loans
2026-06-26 20:27:54,608 [INFO]   Skipping (no skill match): Customer Sales Executive - Two Wheeler Loans
2026-06-26 20:27:54,641 [INFO] Checking: Customer Care Executive || Voice & Chat || Ahmedabad & Jaipur Location
2026-06-26 20:27:54,641 [INFO]   Skipping (no skill match): Customer Care Executive || Voice & Chat || Ahmedabad & Jaipur Location
2026-06-26 20:27:54,672 [INFO] Checking: Walk-in || Customer Support Executive
2026-06-26 20:27:54,672 [INFO]   Skipping (no skill match): Walk-in || Customer Support Executive
2026-06-26 20:27:54,703 [INFO] Checking: Customer Support Executive
2026-06-26 20:27:54,703 [INFO]   Skipping (no skill match): Customer Support Executive
2026-06-26 20:27:54,735 [INFO] Checking: Customer Service_Voice_Hyderabad
2026-06-26 20:27:54,735 [INFO]   Skipping (no skill match): Customer Service_Voice_Hyderabad
2026-06-26 20:27:54,766 [INFO] Checking: Customer Support Executive
2026-06-26 20:27:54,766 [INFO]   Skipping (no skill match): Customer Support Executive
2026-06-26 20:27:54,766 [INFO] 
──────────────────────────────────────────────────
2026-06-26 20:27:54,766 [INFO] Keyword: Data Analyst
2026-06-26 20:27:54,766 [INFO] ──────────────────────────────────────────────────
2026-06-26 20:27:54,767 [INFO] Searching: 'Data Analyst' in 'Hyderabad'...
2026-06-26 20:28:01,049 [INFO] Found 20 job listings
2026-06-26 20:28:01,082 [INFO] Checking: Associate Analyst
2026-06-26 20:28:01,082 [INFO]   Skipping (no skill match): Associate Analyst
2026-06-26 20:28:01,114 [INFO] Checking: Data Analyst
2026-06-26 20:28:01,114 [INFO]   Skipping Data Analyst (no SQL mentioned): Data Analyst
2026-06-26 20:28:01,146 [INFO] Checking: Client Data Professional
2026-06-26 20:28:01,147 [INFO]   Skipping (no skill match): Client Data Professional
2026-06-26 20:28:01,178 [INFO] Checking: Data Entry Operator
2026-06-26 20:28:01,178 [INFO]   Skipping (no skill match): Data Entry Operator
2026-06-26 20:28:01,210 [INFO] Checking: Associate Analyst
2026-06-26 20:28:01,210 [INFO]   Skipping (no skill match): Associate Analyst
2026-06-26 20:28:01,243 [INFO] Checking: Database Developer
2026-06-26 20:28:01,243 [INFO]   Skipping (no skill match): Database Developer
2026-06-26 20:28:01,275 [INFO] Checking: Data Scientist
2026-06-26 20:28:01,275 [INFO]   Skipping (no skill match): Data Scientist
2026-06-26 20:28:01,305 [INFO] Checking: Intern - Structured Data Services
2026-06-26 20:28:01,305 [INFO]   Skipping (no skill match): Intern - Structured Data Services
2026-06-26 20:28:01,337 [INFO] Checking: Associate Analyst
2026-06-26 20:28:01,337 [INFO]   Skipping (no skill match): Associate Analyst
2026-06-26 20:28:01,369 [INFO] Checking: Business Analyst
2026-06-26 20:28:01,369 [INFO]   Skipping (no skill match): Business Analyst
2026-06-26 20:28:01,401 [INFO] Checking: Financial Analyst
2026-06-26 20:28:01,401 [INFO]   Skipping (no skill match): Financial Analyst
2026-06-26 20:28:01,431 [INFO] Checking: Intern - Structured Data Services
2026-06-26 20:28:01,431 [INFO]   Skipping (no skill match): Intern - Structured Data Services
2026-06-26 20:28:01,463 [INFO] Checking: Associate Analyst
2026-06-26 20:28:01,463 [INFO]   Skipping (no skill match): Associate Analyst
2026-06-26 20:28:01,496 [INFO] Checking: Associate / Analyst
2026-06-26 20:28:01,496 [INFO]   Skipping (no skill match): Associate / Analyst
2026-06-26 20:28:01,528 [INFO] Checking: Data Modeller
2026-06-26 20:28:01,528 [INFO]   Skipping (no skill match): Data Modeller
2026-06-26 20:28:01,576 [INFO] Checking: Business Analyst
2026-06-26 20:28:01,576 [INFO]   Skipping (no skill match): Business Analyst
2026-06-26 20:28:01,626 [INFO] Checking: Data Analyst
2026-06-26 20:28:01,626 [INFO]   Skipping Data Analyst (no SQL mentioned): Data Analyst
2026-06-26 20:28:01,658 [INFO] Checking: Executive/Senior Executive-Telesales-Quality Analyst
2026-06-26 20:28:01,658 [INFO]   Skipping (excluded keyword 'senior'): Executive/Senior Executive-Telesales-Quality Analyst
2026-06-26 20:28:01,690 [INFO] Checking: Associate Analyst - MSc Chemistry/MTech in Chemical Engg
2026-06-26 20:28:01,690 [INFO]   Skipping (no skill match): Associate Analyst - MSc Chemistry/MTech in Chemical Engg
2026-06-26 20:28:01,722 [INFO] Checking: Associate Consultant Infectious Diseases
2026-06-26 20:28:01,722 [INFO]   Skipping (no skill match): Associate Consultant Infectious Diseases
2026-06-26 20:28:01,722 [INFO] 
──────────────────────────────────────────────────
2026-06-26 20:28:01,722 [INFO] Keyword: AI ML Engineer
2026-06-26 20:28:01,722 [INFO] ──────────────────────────────────────────────────
2026-06-26 20:28:01,722 [INFO] Searching: 'AI ML Engineer' in 'Hyderabad'...
2026-06-26 20:28:08,188 [INFO] Found 1 job listings
2026-06-26 20:28:08,222 [INFO] Checking: Trainee AI/ML Engineer
2026-06-26 20:28:08,222 [INFO]   Skipping (no skill match): Trainee AI/ML Engineer
2026-06-26 20:28:08,222 [INFO] 
███████████████████████████████████████████████████████
2026-06-26 20:28:08,222 [INFO]   SECTION 2 OF 2 — Internships (Java / Python / SQL)
2026-06-26 20:28:08,222 [INFO]   Stipend filter: ≥ ₹10,000 / month
2026-06-26 20:28:08,223 [INFO] ███████████████████████████████████████████████████████
2026-06-26 20:28:08,223 [INFO] 
──────────────────────────────────────────────────
2026-06-26 20:28:08,223 [INFO] Internship keyword: Java Intern
2026-06-26 20:28:08,223 [INFO] ──────────────────────────────────────────────────
2026-06-26 20:28:08,223 [INFO]   Searching internships: 'Java Intern' in 'Hyderabad'...
2026-06-26 20:28:17,963 [INFO]   Found 12 internship listings
2026-06-26 20:28:18,064 [INFO] Checking internship: IQE Java SDET | stipend text: ''
2026-06-26 20:28:18,064 [INFO]   Skipping internship (stipend ₹0 < ₹10,000): IQE Java SDET
2026-06-26 20:28:18,147 [INFO] Checking internship: Software Engineer Intern | stipend text: ''
2026-06-26 20:28:18,147 [INFO]   Skipping internship (stipend ₹0 < ₹10,000): Software Engineer Intern
2026-06-26 20:28:18,230 [INFO] Checking internship: Mean Stack Developer Intern | stipend text: ''
2026-06-26 20:28:18,230 [INFO]   Skipping internship (no skill match): Mean Stack Developer Intern
2026-06-26 20:28:18,313 [INFO] Checking internship: Dotnet Developer | stipend text: ''
2026-06-26 20:28:18,313 [INFO]   Skipping internship (no skill match): Dotnet Developer
2026-06-26 20:28:18,395 [INFO] Checking internship: GPT Intern | stipend text: ''
2026-06-26 20:28:18,396 [INFO]   Skipping internship (no skill match): GPT Intern
2026-06-26 20:28:18,479 [INFO] Checking internship: iOS Developer Intern | stipend text: ''
2026-06-26 20:28:18,479 [INFO]   Skipping internship (no skill match): iOS Developer Intern
2026-06-26 20:28:18,561 [INFO] Checking internship: Generative AI Developer Intern | stipend text: ''
2026-06-26 20:28:18,561 [INFO]   Skipping internship (no skill match): Generative AI Developer Intern
2026-06-26 20:28:18,642 [INFO] Checking internship: Product Engineer (2027 Grads.) | stipend text: ''
2026-06-26 20:28:18,643 [INFO]   Skipping internship (no skill match): Product Engineer (2027 Grads.)
2026-06-26 20:28:18,724 [INFO] Checking internship: Junior Engineer | stipend text: ''
2026-06-26 20:28:18,724 [INFO]   Skipping internship (no skill match): Junior Engineer
2026-06-26 20:28:18,806 [INFO] Checking internship: Software Engineer Intern | stipend text: ''
2026-06-26 20:28:18,806 [INFO]   Skipping internship (stipend ₹0 < ₹10,000): Software Engineer Intern
2026-06-26 20:28:18,889 [INFO] Checking internship: Associate DevOps Engineer | stipend text: ''
2026-06-26 20:28:18,889 [INFO]   Skipping internship (no skill match): Associate DevOps Engineer
2026-06-26 20:28:18,972 [INFO] Checking internship: Jr . Engineer / Engineer | stipend text: ''
2026-06-26 20:28:18,973 [INFO]   Skipping internship (no skill match): Jr . Engineer / Engineer
2026-06-26 20:28:18,973 [INFO] 
──────────────────────────────────────────────────
2026-06-26 20:28:18,973 [INFO] Internship keyword: Python Intern
2026-06-26 20:28:18,973 [INFO] ──────────────────────────────────────────────────
2026-06-26 20:28:18,973 [INFO]   Searching internships: 'Python Intern' in 'Hyderabad'...
2026-06-26 20:28:28,447 [INFO]   Found 14 internship listings
2026-06-26 20:28:28,531 [INFO] Checking internship: Software Engineer Intern | stipend text: ''
2026-06-26 20:28:28,532 [INFO]   Skipping internship (stipend ₹0 < ₹10,000): Software Engineer Intern
2026-06-26 20:28:28,615 [INFO] Checking internship: Software Engineer Intern | stipend text: ''
2026-06-26 20:28:28,615 [INFO]   Skipping internship (stipend ₹0 < ₹10,000): Software Engineer Intern
2026-06-26 20:28:28,697 [INFO] Checking internship: GPT Intern | stipend text: ''
2026-06-26 20:28:28,697 [INFO]   Skipping internship (no skill match): GPT Intern
2026-06-26 20:28:28,780 [INFO] Checking internship: Generative AI Developer Intern | stipend text: ''
2026-06-26 20:28:28,780 [INFO]   Skipping internship (no skill match): Generative AI Developer Intern
2026-06-26 20:28:28,862 [INFO] Checking internship: Associate DevOps Engineer | stipend text: ''
2026-06-26 20:28:28,862 [INFO]   Skipping internship (no skill match): Associate DevOps Engineer
2026-06-26 20:28:28,946 [INFO] Checking internship: Intern - Structured Data Services | stipend text: ''
2026-06-26 20:28:28,946 [INFO]   Skipping internship (no skill match): Intern - Structured Data Services
2026-06-26 20:28:29,030 [INFO] Checking internship: Intern - Structured Data Services | stipend text: ''
2026-06-26 20:28:29,030 [INFO]   Skipping internship (no skill match): Intern - Structured Data Services
2026-06-26 20:28:29,114 [INFO] Checking internship: Junior Engineer | stipend text: ''
2026-06-26 20:28:29,114 [INFO]   Skipping internship (no skill match): Junior Engineer
2026-06-26 20:28:29,197 [INFO] Checking internship: Dotnet Developer | stipend text: ''
2026-06-26 20:28:29,198 [INFO]   Skipping internship (no skill match): Dotnet Developer
2026-06-26 20:28:29,283 [INFO] Checking internship: Product Engineer (2027 Grads.) | stipend text: ''
2026-06-26 20:28:29,283 [INFO]   Skipping internship (no skill match): Product Engineer (2027 Grads.)
2026-06-26 20:28:29,397 [INFO] Checking internship: Mean Stack Developer Intern | stipend text: ''
2026-06-26 20:28:29,398 [INFO]   Skipping internship (no skill match): Mean Stack Developer Intern
2026-06-26 20:28:29,482 [INFO] Checking internship: iOS Developer Intern | stipend text: ''
2026-06-26 20:28:29,482 [INFO]   Skipping internship (no skill match): iOS Developer Intern
2026-06-26 20:28:29,564 [INFO] Checking internship: Data Science / AI Internship | stipend text: ''
2026-06-26 20:28:29,564 [INFO]   Skipping internship (no skill match): Data Science / AI Internship
2026-06-26 20:28:29,647 [INFO] Checking internship: Jr . Engineer / Engineer | stipend text: ''
2026-06-26 20:28:29,647 [INFO]   Skipping internship (no skill match): Jr . Engineer / Engineer
2026-06-26 20:28:29,647 [INFO] 
──────────────────────────────────────────────────
2026-06-26 20:28:29,647 [INFO] Internship keyword: SQL Intern
2026-06-26 20:28:29,647 [INFO] ──────────────────────────────────────────────────
2026-06-26 20:28:29,647 [INFO]   Searching internships: 'SQL Intern' in 'Hyderabad'...
2026-06-26 20:28:38,952 [INFO]   Found 6 internship listings
2026-06-26 20:28:39,036 [INFO] Checking internship: Software Engineer Intern | stipend text: ''
2026-06-26 20:28:39,036 [INFO]   Skipping internship (stipend ₹0 < ₹10,000): Software Engineer Intern
2026-06-26 20:28:39,119 [INFO] Checking internship: Dotnet Developer | stipend text: ''
2026-06-26 20:28:39,119 [INFO]   Skipping internship (no skill match): Dotnet Developer
2026-06-26 20:28:39,201 [INFO] Checking internship: Generative AI Developer Intern | stipend text: ''
2026-06-26 20:28:39,202 [INFO]   Skipping internship (no skill match): Generative AI Developer Intern
2026-06-26 20:28:39,286 [INFO] Checking internship: Junior Engineer | stipend text: ''
2026-06-26 20:28:39,286 [INFO]   Skipping internship (no skill match): Junior Engineer
2026-06-26 20:28:39,382 [INFO] Checking internship: GPT Intern | stipend text: ''
2026-06-26 20:28:39,382 [INFO]   Skipping internship (no skill match): GPT Intern
2026-06-26 20:28:39,480 [INFO] Checking internship: Software Engineer Intern | stipend text: ''
2026-06-26 20:28:39,480 [INFO]   Skipping internship (stipend ₹0 < ₹10,000): Software Engineer Intern
2026-06-26 20:28:39,480 [INFO] 
███████████████████████████████████████████████████████
2026-06-26 20:28:39,480 [INFO]   SECTION 3 OF 3 — Work From Home Jobs
2026-06-26 20:28:39,480 [INFO] ███████████████████████████████████████████████████████
2026-06-26 20:28:39,480 [INFO] 
──────────────────────────────────────────────────
2026-06-26 20:28:39,480 [INFO] WFH Keyword: Java Developer work from home
2026-06-26 20:28:39,480 [INFO] ──────────────────────────────────────────────────
2026-06-26 20:28:45,798 [INFO] Found 0 WFH listings
2026-06-26 20:28:45,798 [INFO] 
──────────────────────────────────────────────────
2026-06-26 20:28:45,798 [INFO] WFH Keyword: Python Developer work from home
2026-06-26 20:28:45,798 [INFO] ──────────────────────────────────────────────────
2026-06-26 20:28:51,715 [INFO] Found 0 WFH listings
2026-06-26 20:28:51,715 [INFO] 
──────────────────────────────────────────────────
2026-06-26 20:28:51,715 [INFO] WFH Keyword: SQL Developer work from home
2026-06-26 20:28:51,715 [INFO] ──────────────────────────────────────────────────
2026-06-26 20:28:57,818 [INFO] Found 0 WFH listings
2026-06-26 20:28:57,819 [INFO] 
──────────────────────────────────────────────────
2026-06-26 20:28:57,819 [INFO] WFH Keyword: Software Engineer work from home
2026-06-26 20:28:57,819 [INFO] ──────────────────────────────────────────────────
2026-06-26 20:29:03,949 [INFO] Found 0 WFH listings
2026-06-26 20:29:03,949 [INFO] 
──────────────────────────────────────────────────
2026-06-26 20:29:03,949 [INFO] WFH Keyword: Associate Software Engineer work from home
2026-06-26 20:29:03,949 [INFO] ──────────────────────────────────────────────────
2026-06-26 20:29:09,846 [INFO] Found 0 WFH listings
2026-06-26 20:29:09,846 [INFO] 
──────────────────────────────────────────────────
2026-06-26 20:29:09,846 [INFO] WFH Keyword: Customer Software Engineer work from home
2026-06-26 20:29:09,846 [INFO] ──────────────────────────────────────────────────
2026-06-26 20:29:15,972 [INFO] Found 0 WFH listings
2026-06-26 20:29:15,972 [INFO] 
──────────────────────────────────────────────────
2026-06-26 20:29:15,972 [INFO] WFH Keyword: Data Analyst work from home
2026-06-26 20:29:15,972 [INFO] ──────────────────────────────────────────────────
2026-06-26 20:29:22,051 [INFO] Found 0 WFH listings
2026-06-26 20:29:22,051 [INFO] 
──────────────────────────────────────────────────
2026-06-26 20:29:22,051 [INFO] WFH Keyword: AI ML Engineer work from home
2026-06-26 20:29:22,051 [INFO] ──────────────────────────────────────────────────
2026-06-26 20:29:28,234 [INFO] Found 0 WFH listings
2026-06-26 20:29:28,234 [INFO] 
███████████████████████████████████████████████████████
2026-06-26 20:29:28,234 [INFO]   SECTION 4 OF 4 — Work From Home Internships
2026-06-26 20:29:28,234 [INFO] ███████████████████████████████████████████████████████
2026-06-26 20:29:28,234 [INFO] 
──────────────────────────────────────────────────
2026-06-26 20:29:28,234 [INFO] WFH Internship keyword: Java Intern
2026-06-26 20:29:28,234 [INFO] ──────────────────────────────────────────────────
2026-06-26 20:29:40,086 [INFO]   Found 0 WFH internship listings
2026-06-26 20:29:40,087 [INFO] 
──────────────────────────────────────────────────
2026-06-26 20:29:40,087 [INFO] WFH Internship keyword: Python Intern
2026-06-26 20:29:40,087 [INFO] ──────────────────────────────────────────────────
2026-06-26 20:29:52,238 [INFO]   Found 0 WFH internship listings
2026-06-26 20:29:52,239 [INFO] 
──────────────────────────────────────────────────
2026-06-26 20:29:52,239 [INFO] WFH Internship keyword: SQL Intern
2026-06-26 20:29:52,239 [INFO] ──────────────────────────────────────────────────
2026-06-26 20:30:04,213 [INFO]   Found 0 WFH internship listings
2026-06-26 20:30:04,330 [INFO] 
2026-06-26 20:30:04,330 [INFO] =======================================================
2026-06-26 20:30:04,330 [INFO]   Run complete — Applied this session: 0
2026-06-26 20:30:04,330 [INFO]   Total ever applied: 0
2026-06-26 20:30:04,330 [INFO]   Log saved to: applied_jobs.json
2026-06-26 20:30:04,330 [INFO] =======================================================
2026-06-26 20:30:04,330 [INFO] Single run complete. GitHub Actions will trigger next run on schedule.
